2022-03-03 08:58:26,273 [restartedMain] WARN  o.springframework.boot.StartupInfoLogger           - InetAddress.getLocalHost().getHostName() took 5006 milliseconds to respond. Please verify your network configuration (macOS machines may need to add entries to /etc/hosts).
2022-03-03 08:58:31,294 [restartedMain] INFO  c.s.SpringBootMajorProjectCoModuleApApplication    - Starting SpringBootMajorProjectCoModuleApApplication using Java 1.8.0_271 on Sreshs-MacBook-Air.local with PID 19547 (/Users/sresh/eclipse-workspace/SpringBoot-Major-Project-CO-Module-AP/target/classes started by sresh in /Users/sresh/eclipse-workspace/SpringBoot-Major-Project-CO-Module-AP)
2022-03-03 08:58:31,295 [restartedMain] INFO  c.s.SpringBootMajorProjectCoModuleApApplication    - No active profile set, falling back to default profiles: default
2022-03-03 08:58:31,403 [restartedMain] INFO  o.s.b.d.e.DevToolsPropertyDefaultsPostProcessor    - Devtools property defaults active! Set 'spring.devtools.add-properties' to 'false' to disable
2022-03-03 08:58:31,404 [restartedMain] INFO  o.s.b.d.e.DevToolsPropertyDefaultsPostProcessor    - For additional web related logging consider setting the 'logging.level.web' property to 'DEBUG'
2022-03-03 08:58:33,197 [restartedMain] INFO  o.s.d.r.c.RepositoryConfigurationDelegate          - Bootstrapping Spring Data JPA repositories in DEFAULT mode.
2022-03-03 08:58:33,322 [restartedMain] INFO  o.s.d.r.c.RepositoryConfigurationDelegate          - Finished Spring Data repository scanning in 101 ms. Found 2 JPA repository interfaces.
2022-03-03 08:58:34,575 [restartedMain] INFO  o.s.b.w.embedded.tomcat.TomcatWebServer            - Tomcat initialized with port(s): 9091 (http)
2022-03-03 08:58:34,598 [restartedMain] INFO  o.apache.coyote.http11.Http11NioProtocol           - Initializing ProtocolHandler ["http-nio-9091"]
2022-03-03 08:58:34,599 [restartedMain] INFO  org.apache.catalina.core.StandardService           - Starting service [Tomcat]
2022-03-03 08:58:34,600 [restartedMain] INFO  org.apache.catalina.core.StandardEngine            - Starting Servlet engine: [Apache Tomcat/9.0.48]
2022-03-03 08:58:34,758 [restartedMain] INFO  o.a.c.c.C.[Tomcat].[localhost].[/]                 - Initializing Spring embedded WebApplicationContext
2022-03-03 08:58:34,758 [restartedMain] INFO  o.s.b.w.s.c.ServletWebServerApplicationContext     - Root WebApplicationContext: initialization completed in 3351 ms
2022-03-03 08:58:35,256 [restartedMain] INFO  o.hibernate.jpa.internal.util.LogHelper            - HHH000204: Processing PersistenceUnitInfo [name: default]
2022-03-03 08:58:35,451 [restartedMain] INFO  org.hibernate.Version                              - HHH000412: Hibernate ORM core version 5.4.32.Final
2022-03-03 08:58:35,824 [restartedMain] INFO  org.hibernate.annotations.common.Version           - HCANN000001: Hibernate Commons Annotations {5.1.2.Final}
2022-03-03 08:58:36,079 [restartedMain] INFO  com.zaxxer.hikari.HikariDataSource                 - HikariPool-1 - Starting...
2022-03-03 08:58:36,793 [restartedMain] INFO  com.zaxxer.hikari.HikariDataSource                 - HikariPool-1 - Start completed.
2022-03-03 08:58:36,908 [restartedMain] INFO  org.hibernate.dialect.Dialect                      - HHH000400: Using dialect: org.hibernate.dialect.MySQL8Dialect
2022-03-03 08:58:38,542 [restartedMain] INFO  o.h.e.t.j.p.i.JtaPlatformInitiator                 - HHH000490: Using JtaPlatform implementation: [org.hibernate.engine.transaction.jta.platform.internal.NoJtaPlatform]
2022-03-03 08:58:38,561 [restartedMain] INFO  o.s.o.j.LocalContainerEntityManagerFactoryBean     - Initialized JPA EntityManagerFactory for persistence unit 'default'
2022-03-03 08:58:39,999 [restartedMain] WARN  o.s.b.a.o.j.JpaBaseConfiguration$JpaWebConfiguration - spring.jpa.open-in-view is enabled by default. Therefore, database queries may be performed during view rendering. Explicitly configure spring.jpa.open-in-view to disable this warning
2022-03-03 08:58:40,323 [restartedMain] INFO  s.d.s.w.PropertySourcedRequestMappingHandlerMapping - Mapped URL path [/v2/api-docs] onto method [springfox.documentation.swagger2.web.Swagger2Controller#getDocumentation(String, HttpServletRequest)]
2022-03-03 08:58:40,561 [restartedMain] INFO  o.s.b.d.a.OptionalLiveReloadServer                 - LiveReload server is running on port 35729
2022-03-03 08:58:40,851 [restartedMain] INFO  o.apache.coyote.http11.Http11NioProtocol           - Starting ProtocolHandler ["http-nio-9091"]
2022-03-03 08:58:40,875 [restartedMain] INFO  o.s.b.w.embedded.tomcat.TomcatWebServer            - Tomcat started on port(s): 9091 (http) with context path ''
2022-03-03 08:58:40,876 [restartedMain] INFO  s.d.s.w.p.DocumentationPluginsBootstrapper         - Context refreshed
2022-03-03 08:58:40,951 [restartedMain] INFO  s.d.s.w.p.DocumentationPluginsBootstrapper         - Found 1 custom documentation plugin(s)
2022-03-03 08:58:41,007 [restartedMain] INFO  s.d.s.w.s.ApiListingReferenceScanner               - Scanning for api listing references
2022-03-03 08:58:41,199 [restartedMain] INFO  c.s.SpringBootMajorProjectCoModuleApApplication    - Started SpringBootMajorProjectCoModuleApApplication in 30.877 seconds (JVM running for 37.45)
2022-03-03 08:59:27,274 [http-nio-9091-exec-1] INFO  o.a.c.c.C.[Tomcat].[localhost].[/]                 - Initializing Spring DispatcherServlet 'dispatcherServlet'
2022-03-03 08:59:27,275 [http-nio-9091-exec-1] INFO  o.s.web.servlet.DispatcherServlet                  - Initializing Servlet 'dispatcherServlet'
2022-03-03 08:59:27,277 [http-nio-9091-exec-1] INFO  o.s.web.servlet.DispatcherServlet                  - Completed initialization in 1 ms
2022-03-03 09:02:43,342 [Thread-5] INFO  o.s.o.j.LocalContainerEntityManagerFactoryBean     - Closing JPA EntityManagerFactory for persistence unit 'default'
2022-03-03 09:02:43,349 [Thread-5] INFO  com.zaxxer.hikari.HikariDataSource                 - HikariPool-1 - Shutdown initiated...
2022-03-03 09:02:43,362 [Thread-5] INFO  com.zaxxer.hikari.HikariDataSource                 - HikariPool-1 - Shutdown completed.
2022-03-03 09:02:58,622 [restartedMain] WARN  o.springframework.boot.StartupInfoLogger           - InetAddress.getLocalHost().getHostName() took 5004 milliseconds to respond. Please verify your network configuration (macOS machines may need to add entries to /etc/hosts).
2022-03-03 09:03:03,630 [restartedMain] INFO  c.s.SpringBootMajorProjectCoModuleApApplication    - Starting SpringBootMajorProjectCoModuleApApplication using Java 1.8.0_271 on Sreshs-MacBook-Air.local with PID 19547 (/Users/sresh/eclipse-workspace/SpringBoot-Major-Project-CO-Module-AP/target/classes started by sresh in /Users/sresh/eclipse-workspace/SpringBoot-Major-Project-CO-Module-AP)
2022-03-03 09:03:03,630 [restartedMain] INFO  c.s.SpringBootMajorProjectCoModuleApApplication    - No active profile set, falling back to default profiles: default
2022-03-03 09:03:03,906 [restartedMain] INFO  o.s.d.r.c.RepositoryConfigurationDelegate          - Bootstrapping Spring Data JPA repositories in DEFAULT mode.
2022-03-03 09:03:03,916 [restartedMain] INFO  o.s.d.r.c.RepositoryConfigurationDelegate          - Finished Spring Data repository scanning in 9 ms. Found 2 JPA repository interfaces.
2022-03-03 09:03:04,041 [restartedMain] INFO  o.s.b.w.embedded.tomcat.TomcatWebServer            - Tomcat initialized with port(s): 9091 (http)
2022-03-03 09:03:04,042 [restartedMain] INFO  o.apache.coyote.http11.Http11NioProtocol           - Initializing ProtocolHandler ["http-nio-9091"]
2022-03-03 09:03:04,042 [restartedMain] INFO  org.apache.catalina.core.StandardService           - Starting service [Tomcat]
2022-03-03 09:03:04,042 [restartedMain] INFO  org.apache.catalina.core.StandardEngine            - Starting Servlet engine: [Apache Tomcat/9.0.48]
2022-03-03 09:03:04,050 [restartedMain] INFO  o.a.c.c.C.[Tomcat].[localhost].[/]                 - Initializing Spring embedded WebApplicationContext
2022-03-03 09:03:04,050 [restartedMain] INFO  o.s.b.w.s.c.ServletWebServerApplicationContext     - Root WebApplicationContext: initialization completed in 413 ms
2022-03-03 09:03:04,095 [restartedMain] INFO  o.hibernate.jpa.internal.util.LogHelper            - HHH000204: Processing PersistenceUnitInfo [name: default]
2022-03-03 09:03:04,103 [restartedMain] INFO  com.zaxxer.hikari.HikariDataSource                 - HikariPool-2 - Starting...
2022-03-03 09:03:04,127 [restartedMain] INFO  com.zaxxer.hikari.HikariDataSource                 - HikariPool-2 - Start completed.
2022-03-03 09:03:04,127 [restartedMain] INFO  org.hibernate.dialect.Dialect                      - HHH000400: Using dialect: org.hibernate.dialect.MySQL8Dialect
2022-03-03 09:03:04,183 [restartedMain] INFO  o.h.e.t.j.p.i.JtaPlatformInitiator                 - HHH000490: Using JtaPlatform implementation: [org.hibernate.engine.transaction.jta.platform.internal.NoJtaPlatform]
2022-03-03 09:03:04,183 [restartedMain] INFO  o.s.o.j.LocalContainerEntityManagerFactoryBean     - Initialized JPA EntityManagerFactory for persistence unit 'default'
2022-03-03 09:03:04,391 [restartedMain] WARN  o.s.b.a.o.j.JpaBaseConfiguration$JpaWebConfiguration - spring.jpa.open-in-view is enabled by default. Therefore, database queries may be performed during view rendering. Explicitly configure spring.jpa.open-in-view to disable this warning
2022-03-03 09:03:04,443 [restartedMain] INFO  s.d.s.w.PropertySourcedRequestMappingHandlerMapping - Mapped URL path [/v2/api-docs] onto method [springfox.documentation.swagger2.web.Swagger2Controller#getDocumentation(String, HttpServletRequest)]
2022-03-03 09:03:04,494 [restartedMain] INFO  o.s.b.d.a.OptionalLiveReloadServer                 - LiveReload server is running on port 35729
2022-03-03 09:03:04,558 [restartedMain] INFO  o.apache.coyote.http11.Http11NioProtocol           - Starting ProtocolHandler ["http-nio-9091"]
2022-03-03 09:03:04,561 [restartedMain] INFO  o.s.b.w.embedded.tomcat.TomcatWebServer            - Tomcat started on port(s): 9091 (http) with context path ''
2022-03-03 09:03:04,561 [restartedMain] INFO  s.d.s.w.p.DocumentationPluginsBootstrapper         - Context refreshed
2022-03-03 09:03:04,562 [restartedMain] INFO  s.d.s.w.p.DocumentationPluginsBootstrapper         - Found 1 custom documentation plugin(s)
2022-03-03 09:03:04,568 [restartedMain] INFO  s.d.s.w.s.ApiListingReferenceScanner               - Scanning for api listing references
2022-03-03 09:03:04,580 [restartedMain] INFO  c.s.SpringBootMajorProjectCoModuleApApplication    - Started SpringBootMajorProjectCoModuleApApplication in 21.013 seconds (JVM running for 300.828)
2022-03-03 09:03:04,583 [restartedMain] INFO  o.s.b.d.a.ConditionEvaluationDeltaLoggingListener  - Condition evaluation unchanged
2022-03-03 09:03:05,419 [http-nio-9091-exec-1] INFO  o.a.c.c.C.[Tomcat].[localhost].[/]                 - Initializing Spring DispatcherServlet 'dispatcherServlet'
2022-03-03 09:03:05,426 [http-nio-9091-exec-1] INFO  o.s.web.servlet.DispatcherServlet                  - Initializing Servlet 'dispatcherServlet'
2022-03-03 09:03:05,429 [http-nio-9091-exec-1] INFO  o.s.web.servlet.DispatcherServlet                  - Completed initialization in 3 ms
2022-03-03 09:04:09,522 [Thread-8] INFO  o.s.o.j.LocalContainerEntityManagerFactoryBean     - Closing JPA EntityManagerFactory for persistence unit 'default'
2022-03-03 09:04:09,525 [Thread-8] INFO  com.zaxxer.hikari.HikariDataSource                 - HikariPool-2 - Shutdown initiated...
2022-03-03 09:04:09,538 [Thread-8] INFO  com.zaxxer.hikari.HikariDataSource                 - HikariPool-2 - Shutdown completed.
2022-03-03 09:04:24,846 [restartedMain] WARN  o.springframework.boot.StartupInfoLogger           - InetAddress.getLocalHost().getHostName() took 5005 milliseconds to respond. Please verify your network configuration (macOS machines may need to add entries to /etc/hosts).
2022-03-03 09:04:29,853 [restartedMain] INFO  c.s.SpringBootMajorProjectCoModuleApApplication    - Starting SpringBootMajorProjectCoModuleApApplication using Java 1.8.0_271 on Sreshs-MacBook-Air.local with PID 19547 (/Users/sresh/eclipse-workspace/SpringBoot-Major-Project-CO-Module-AP/target/classes started by sresh in /Users/sresh/eclipse-workspace/SpringBoot-Major-Project-CO-Module-AP)
2022-03-03 09:04:29,854 [restartedMain] INFO  c.s.SpringBootMajorProjectCoModuleApApplication    - No active profile set, falling back to default profiles: default
2022-03-03 09:04:30,108 [restartedMain] INFO  o.s.d.r.c.RepositoryConfigurationDelegate          - Bootstrapping Spring Data JPA repositories in DEFAULT mode.
2022-03-03 09:04:30,119 [restartedMain] INFO  o.s.d.r.c.RepositoryConfigurationDelegate          - Finished Spring Data repository scanning in 9 ms. Found 2 JPA repository interfaces.
2022-03-03 09:04:30,230 [restartedMain] INFO  o.s.b.w.embedded.tomcat.TomcatWebServer            - Tomcat initialized with port(s): 9091 (http)
2022-03-03 09:04:30,231 [restartedMain] INFO  o.apache.coyote.http11.Http11NioProtocol           - Initializing ProtocolHandler ["http-nio-9091"]
2022-03-03 09:04:30,231 [restartedMain] INFO  org.apache.catalina.core.StandardService           - Starting service [Tomcat]
2022-03-03 09:04:30,231 [restartedMain] INFO  org.apache.catalina.core.StandardEngine            - Starting Servlet engine: [Apache Tomcat/9.0.48]
2022-03-03 09:04:30,240 [restartedMain] INFO  o.a.c.c.C.[Tomcat].[localhost].[/]                 - Initializing Spring embedded WebApplicationContext
2022-03-03 09:04:30,241 [restartedMain] INFO  o.s.b.w.s.c.ServletWebServerApplicationContext     - Root WebApplicationContext: initialization completed in 379 ms
2022-03-03 09:04:30,292 [restartedMain] INFO  o.hibernate.jpa.internal.util.LogHelper            - HHH000204: Processing PersistenceUnitInfo [name: default]
2022-03-03 09:04:30,299 [restartedMain] INFO  com.zaxxer.hikari.HikariDataSource                 - HikariPool-3 - Starting...
2022-03-03 09:04:30,328 [restartedMain] INFO  com.zaxxer.hikari.HikariDataSource                 - HikariPool-3 - Start completed.
2022-03-03 09:04:30,329 [restartedMain] INFO  org.hibernate.dialect.Dialect                      - HHH000400: Using dialect: org.hibernate.dialect.MySQL8Dialect
2022-03-03 09:04:30,428 [restartedMain] INFO  o.h.e.t.j.p.i.JtaPlatformInitiator                 - HHH000490: Using JtaPlatform implementation: [org.hibernate.engine.transaction.jta.platform.internal.NoJtaPlatform]
2022-03-03 09:04:30,429 [restartedMain] INFO  o.s.o.j.LocalContainerEntityManagerFactoryBean     - Initialized JPA EntityManagerFactory for persistence unit 'default'
2022-03-03 09:04:30,707 [restartedMain] WARN  o.s.b.a.o.j.JpaBaseConfiguration$JpaWebConfiguration - spring.jpa.open-in-view is enabled by default. Therefore, database queries may be performed during view rendering. Explicitly configure spring.jpa.open-in-view to disable this warning
2022-03-03 09:04:30,746 [restartedMain] INFO  s.d.s.w.PropertySourcedRequestMappingHandlerMapping - Mapped URL path [/v2/api-docs] onto method [springfox.documentation.swagger2.web.Swagger2Controller#getDocumentation(String, HttpServletRequest)]
2022-03-03 09:04:30,794 [restartedMain] INFO  o.s.b.d.a.OptionalLiveReloadServer                 - LiveReload server is running on port 35729
2022-03-03 09:04:30,855 [restartedMain] INFO  o.apache.coyote.http11.Http11NioProtocol           - Starting ProtocolHandler ["http-nio-9091"]
2022-03-03 09:04:30,860 [restartedMain] INFO  o.s.b.w.embedded.tomcat.TomcatWebServer            - Tomcat started on port(s): 9091 (http) with context path ''
2022-03-03 09:04:30,862 [restartedMain] INFO  s.d.s.w.p.DocumentationPluginsBootstrapper         - Context refreshed
2022-03-03 09:04:30,865 [restartedMain] INFO  s.d.s.w.p.DocumentationPluginsBootstrapper         - Found 1 custom documentation plugin(s)
2022-03-03 09:04:30,873 [restartedMain] INFO  s.d.s.w.s.ApiListingReferenceScanner               - Scanning for api listing references
2022-03-03 09:04:30,886 [restartedMain] INFO  c.s.SpringBootMajorProjectCoModuleApApplication    - Started SpringBootMajorProjectCoModuleApApplication in 21.109 seconds (JVM running for 387.133)
2022-03-03 09:04:30,891 [restartedMain] INFO  o.s.b.d.a.ConditionEvaluationDeltaLoggingListener  - Condition evaluation unchanged
2022-03-03 09:04:36,614 [http-nio-9091-exec-1] INFO  o.a.c.c.C.[Tomcat].[localhost].[/]                 - Initializing Spring DispatcherServlet 'dispatcherServlet'
2022-03-03 09:04:36,617 [http-nio-9091-exec-1] INFO  o.s.web.servlet.DispatcherServlet                  - Initializing Servlet 'dispatcherServlet'
2022-03-03 09:04:36,621 [http-nio-9091-exec-1] INFO  o.s.web.servlet.DispatcherServlet                  - Completed initialization in 4 ms
2022-03-03 09:06:34,360 [Thread-12] INFO  o.s.o.j.LocalContainerEntityManagerFactoryBean     - Closing JPA EntityManagerFactory for persistence unit 'default'
2022-03-03 09:06:34,362 [Thread-12] INFO  com.zaxxer.hikari.HikariDataSource                 - HikariPool-3 - Shutdown initiated...
2022-03-03 09:06:34,375 [Thread-12] INFO  com.zaxxer.hikari.HikariDataSource                 - HikariPool-3 - Shutdown completed.
2022-03-03 09:06:49,675 [restartedMain] WARN  o.springframework.boot.StartupInfoLogger           - InetAddress.getLocalHost().getHostName() took 5006 milliseconds to respond. Please verify your network configuration (macOS machines may need to add entries to /etc/hosts).
2022-03-03 09:06:54,682 [restartedMain] INFO  c.s.SpringBootMajorProjectCoModuleApApplication    - Starting SpringBootMajorProjectCoModuleApApplication using Java 1.8.0_271 on Sreshs-MacBook-Air.local with PID 19547 (/Users/sresh/eclipse-workspace/SpringBoot-Major-Project-CO-Module-AP/target/classes started by sresh in /Users/sresh/eclipse-workspace/SpringBoot-Major-Project-CO-Module-AP)
2022-03-03 09:06:54,683 [restartedMain] INFO  c.s.SpringBootMajorProjectCoModuleApApplication    - No active profile set, falling back to default profiles: default
2022-03-03 09:06:54,955 [restartedMain] INFO  o.s.d.r.c.RepositoryConfigurationDelegate          - Bootstrapping Spring Data JPA repositories in DEFAULT mode.
2022-03-03 09:06:54,966 [restartedMain] INFO  o.s.d.r.c.RepositoryConfigurationDelegate          - Finished Spring Data repository scanning in 10 ms. Found 2 JPA repository interfaces.
2022-03-03 09:06:55,105 [restartedMain] INFO  o.s.b.w.embedded.tomcat.TomcatWebServer            - Tomcat initialized with port(s): 9091 (http)
2022-03-03 09:06:55,107 [restartedMain] INFO  o.apache.coyote.http11.Http11NioProtocol           - Initializing ProtocolHandler ["http-nio-9091"]
2022-03-03 09:06:55,107 [restartedMain] INFO  org.apache.catalina.core.StandardService           - Starting service [Tomcat]
2022-03-03 09:06:55,108 [restartedMain] INFO  org.apache.catalina.core.StandardEngine            - Starting Servlet engine: [Apache Tomcat/9.0.48]
2022-03-03 09:06:55,116 [restartedMain] INFO  o.a.c.c.C.[Tomcat].[localhost].[/]                 - Initializing Spring embedded WebApplicationContext
2022-03-03 09:06:55,116 [restartedMain] INFO  o.s.b.w.s.c.ServletWebServerApplicationContext     - Root WebApplicationContext: initialization completed in 429 ms
2022-03-03 09:06:55,162 [restartedMain] INFO  o.hibernate.jpa.internal.util.LogHelper            - HHH000204: Processing PersistenceUnitInfo [name: default]
2022-03-03 09:06:55,172 [restartedMain] INFO  com.zaxxer.hikari.HikariDataSource                 - HikariPool-4 - Starting...
2022-03-03 09:06:55,194 [restartedMain] INFO  com.zaxxer.hikari.HikariDataSource                 - HikariPool-4 - Start completed.
2022-03-03 09:06:55,194 [restartedMain] INFO  org.hibernate.dialect.Dialect                      - HHH000400: Using dialect: org.hibernate.dialect.MySQL8Dialect
2022-03-03 09:06:55,266 [restartedMain] INFO  o.h.e.t.j.p.i.JtaPlatformInitiator                 - HHH000490: Using JtaPlatform implementation: [org.hibernate.engine.transaction.jta.platform.internal.NoJtaPlatform]
2022-03-03 09:06:55,266 [restartedMain] INFO  o.s.o.j.LocalContainerEntityManagerFactoryBean     - Initialized JPA EntityManagerFactory for persistence unit 'default'
2022-03-03 09:06:55,505 [restartedMain] WARN  o.s.b.a.o.j.JpaBaseConfiguration$JpaWebConfiguration - spring.jpa.open-in-view is enabled by default. Therefore, database queries may be performed during view rendering. Explicitly configure spring.jpa.open-in-view to disable this warning
2022-03-03 09:06:55,547 [restartedMain] INFO  s.d.s.w.PropertySourcedRequestMappingHandlerMapping - Mapped URL path [/v2/api-docs] onto method [springfox.documentation.swagger2.web.Swagger2Controller#getDocumentation(String, HttpServletRequest)]
2022-03-03 09:06:55,594 [restartedMain] INFO  o.s.b.d.a.OptionalLiveReloadServer                 - LiveReload server is running on port 35729
2022-03-03 09:06:55,661 [restartedMain] INFO  o.apache.coyote.http11.Http11NioProtocol           - Starting ProtocolHandler ["http-nio-9091"]
2022-03-03 09:06:55,663 [restartedMain] INFO  o.s.b.w.embedded.tomcat.TomcatWebServer            - Tomcat started on port(s): 9091 (http) with context path ''
2022-03-03 09:06:55,664 [restartedMain] INFO  s.d.s.w.p.DocumentationPluginsBootstrapper         - Context refreshed
2022-03-03 09:06:55,665 [restartedMain] INFO  s.d.s.w.p.DocumentationPluginsBootstrapper         - Found 1 custom documentation plugin(s)
2022-03-03 09:06:55,672 [restartedMain] INFO  s.d.s.w.s.ApiListingReferenceScanner               - Scanning for api listing references
2022-03-03 09:06:55,682 [restartedMain] INFO  c.s.SpringBootMajorProjectCoModuleApApplication    - Started SpringBootMajorProjectCoModuleApApplication in 21.061 seconds (JVM running for 531.888)
2022-03-03 09:06:55,685 [restartedMain] INFO  o.s.b.d.a.ConditionEvaluationDeltaLoggingListener  - Condition evaluation unchanged
2022-03-03 09:10:27,801 [Thread-16] INFO  o.s.o.j.LocalContainerEntityManagerFactoryBean     - Closing JPA EntityManagerFactory for persistence unit 'default'
2022-03-03 09:10:27,804 [Thread-16] INFO  com.zaxxer.hikari.HikariDataSource                 - HikariPool-4 - Shutdown initiated...
2022-03-03 09:10:27,814 [Thread-16] INFO  com.zaxxer.hikari.HikariDataSource                 - HikariPool-4 - Shutdown completed.
2022-03-03 09:10:43,110 [restartedMain] WARN  o.springframework.boot.StartupInfoLogger           - InetAddress.getLocalHost().getHostName() took 5007 milliseconds to respond. Please verify your network configuration (macOS machines may need to add entries to /etc/hosts).
2022-03-03 09:10:48,117 [restartedMain] INFO  c.s.SpringBootMajorProjectCoModuleApApplication    - Starting SpringBootMajorProjectCoModuleApApplication using Java 1.8.0_271 on Sreshs-MacBook-Air.local with PID 19547 (/Users/sresh/eclipse-workspace/SpringBoot-Major-Project-CO-Module-AP/target/classes started by sresh in /Users/sresh/eclipse-workspace/SpringBoot-Major-Project-CO-Module-AP)
2022-03-03 09:10:48,117 [restartedMain] INFO  c.s.SpringBootMajorProjectCoModuleApApplication    - No active profile set, falling back to default profiles: default
2022-03-03 09:10:48,394 [restartedMain] INFO  o.s.d.r.c.RepositoryConfigurationDelegate          - Bootstrapping Spring Data JPA repositories in DEFAULT mode.
2022-03-03 09:10:48,404 [restartedMain] INFO  o.s.d.r.c.RepositoryConfigurationDelegate          - Finished Spring Data repository scanning in 10 ms. Found 2 JPA repository interfaces.
2022-03-03 09:10:48,554 [restartedMain] INFO  o.s.b.w.embedded.tomcat.TomcatWebServer            - Tomcat initialized with port(s): 9091 (http)
2022-03-03 09:10:48,555 [restartedMain] INFO  o.apache.coyote.http11.Http11NioProtocol           - Initializing ProtocolHandler ["http-nio-9091"]
2022-03-03 09:10:48,555 [restartedMain] INFO  org.apache.catalina.core.StandardService           - Starting service [Tomcat]
2022-03-03 09:10:48,555 [restartedMain] INFO  org.apache.catalina.core.StandardEngine            - Starting Servlet engine: [Apache Tomcat/9.0.48]
2022-03-03 09:10:48,563 [restartedMain] INFO  o.a.c.c.C.[Tomcat].[localhost].[/]                 - Initializing Spring embedded WebApplicationContext
2022-03-03 09:10:48,563 [restartedMain] INFO  o.s.b.w.s.c.ServletWebServerApplicationContext     - Root WebApplicationContext: initialization completed in 442 ms
2022-03-03 09:10:48,628 [restartedMain] INFO  o.hibernate.jpa.internal.util.LogHelper            - HHH000204: Processing PersistenceUnitInfo [name: default]
2022-03-03 09:10:48,635 [restartedMain] INFO  com.zaxxer.hikari.HikariDataSource                 - HikariPool-5 - Starting...
2022-03-03 09:10:48,666 [restartedMain] INFO  com.zaxxer.hikari.HikariDataSource                 - HikariPool-5 - Start completed.
2022-03-03 09:10:48,666 [restartedMain] INFO  org.hibernate.dialect.Dialect                      - HHH000400: Using dialect: org.hibernate.dialect.MySQL8Dialect
2022-03-03 09:10:48,736 [restartedMain] INFO  o.h.e.t.j.p.i.JtaPlatformInitiator                 - HHH000490: Using JtaPlatform implementation: [org.hibernate.engine.transaction.jta.platform.internal.NoJtaPlatform]
2022-03-03 09:10:48,736 [restartedMain] INFO  o.s.o.j.LocalContainerEntityManagerFactoryBean     - Initialized JPA EntityManagerFactory for persistence unit 'default'
2022-03-03 09:10:48,990 [restartedMain] WARN  o.s.b.a.o.j.JpaBaseConfiguration$JpaWebConfiguration - spring.jpa.open-in-view is enabled by default. Therefore, database queries may be performed during view rendering. Explicitly configure spring.jpa.open-in-view to disable this warning
2022-03-03 09:10:49,046 [restartedMain] INFO  s.d.s.w.PropertySourcedRequestMappingHandlerMapping - Mapped URL path [/v2/api-docs] onto method [springfox.documentation.swagger2.web.Swagger2Controller#getDocumentation(String, HttpServletRequest)]
2022-03-03 09:10:49,086 [restartedMain] INFO  o.s.b.d.a.OptionalLiveReloadServer                 - LiveReload server is running on port 35729
2022-03-03 09:10:49,153 [restartedMain] INFO  o.apache.coyote.http11.Http11NioProtocol           - Starting ProtocolHandler ["http-nio-9091"]
2022-03-03 09:10:49,156 [restartedMain] INFO  o.s.b.w.embedded.tomcat.TomcatWebServer            - Tomcat started on port(s): 9091 (http) with context path ''
2022-03-03 09:10:49,156 [restartedMain] INFO  s.d.s.w.p.DocumentationPluginsBootstrapper         - Context refreshed
2022-03-03 09:10:49,157 [restartedMain] INFO  s.d.s.w.p.DocumentationPluginsBootstrapper         - Found 1 custom documentation plugin(s)
2022-03-03 09:10:49,163 [restartedMain] INFO  s.d.s.w.s.ApiListingReferenceScanner               - Scanning for api listing references
2022-03-03 09:10:49,175 [restartedMain] INFO  c.s.SpringBootMajorProjectCoModuleApApplication    - Started SpringBootMajorProjectCoModuleApApplication in 21.123 seconds (JVM running for 765.374)
2022-03-03 09:10:49,178 [restartedMain] INFO  o.s.b.d.a.ConditionEvaluationDeltaLoggingListener  - Condition evaluation unchanged
2022-03-03 09:10:57,145 [http-nio-9091-exec-1] INFO  o.a.c.c.C.[Tomcat].[localhost].[/]                 - Initializing Spring DispatcherServlet 'dispatcherServlet'
2022-03-03 09:10:57,150 [http-nio-9091-exec-1] INFO  o.s.web.servlet.DispatcherServlet                  - Initializing Servlet 'dispatcherServlet'
2022-03-03 09:10:57,153 [http-nio-9091-exec-1] INFO  o.s.web.servlet.DispatcherServlet                  - Completed initialization in 3 ms
2022-03-03 09:12:25,409 [Thread-20] INFO  o.s.o.j.LocalContainerEntityManagerFactoryBean     - Closing JPA EntityManagerFactory for persistence unit 'default'
2022-03-03 09:12:25,412 [Thread-20] INFO  com.zaxxer.hikari.HikariDataSource                 - HikariPool-5 - Shutdown initiated...
2022-03-03 09:12:25,424 [Thread-20] INFO  com.zaxxer.hikari.HikariDataSource                 - HikariPool-5 - Shutdown completed.
2022-03-03 09:12:40,661 [restartedMain] WARN  o.springframework.boot.StartupInfoLogger           - InetAddress.getLocalHost().getHostName() took 5002 milliseconds to respond. Please verify your network configuration (macOS machines may need to add entries to /etc/hosts).
2022-03-03 09:12:45,668 [restartedMain] INFO  c.s.SpringBootMajorProjectCoModuleApApplication    - Starting SpringBootMajorProjectCoModuleApApplication using Java 1.8.0_271 on Sreshs-MacBook-Air.local with PID 19547 (/Users/sresh/eclipse-workspace/SpringBoot-Major-Project-CO-Module-AP/target/classes started by sresh in /Users/sresh/eclipse-workspace/SpringBoot-Major-Project-CO-Module-AP)
2022-03-03 09:12:45,670 [restartedMain] INFO  c.s.SpringBootMajorProjectCoModuleApApplication    - No active profile set, falling back to default profiles: default
2022-03-03 09:12:45,913 [restartedMain] INFO  o.s.d.r.c.RepositoryConfigurationDelegate          - Bootstrapping Spring Data JPA repositories in DEFAULT mode.
2022-03-03 09:12:45,922 [restartedMain] INFO  o.s.d.r.c.RepositoryConfigurationDelegate          - Finished Spring Data repository scanning in 8 ms. Found 2 JPA repository interfaces.
2022-03-03 09:12:46,092 [restartedMain] INFO  o.s.b.w.embedded.tomcat.TomcatWebServer            - Tomcat initialized with port(s): 9091 (http)
2022-03-03 09:12:46,093 [restartedMain] INFO  o.apache.coyote.http11.Http11NioProtocol           - Initializing ProtocolHandler ["http-nio-9091"]
2022-03-03 09:12:46,094 [restartedMain] INFO  org.apache.catalina.core.StandardService           - Starting service [Tomcat]
2022-03-03 09:12:46,094 [restartedMain] INFO  org.apache.catalina.core.StandardEngine            - Starting Servlet engine: [Apache Tomcat/9.0.48]
2022-03-03 09:12:46,102 [restartedMain] INFO  o.a.c.c.C.[Tomcat].[localhost].[/]                 - Initializing Spring embedded WebApplicationContext
2022-03-03 09:12:46,103 [restartedMain] INFO  o.s.b.w.s.c.ServletWebServerApplicationContext     - Root WebApplicationContext: initialization completed in 426 ms
2022-03-03 09:12:46,158 [restartedMain] INFO  o.hibernate.jpa.internal.util.LogHelper            - HHH000204: Processing PersistenceUnitInfo [name: default]
2022-03-03 09:12:46,163 [restartedMain] INFO  com.zaxxer.hikari.HikariDataSource                 - HikariPool-6 - Starting...
2022-03-03 09:12:46,189 [restartedMain] INFO  com.zaxxer.hikari.HikariDataSource                 - HikariPool-6 - Start completed.
2022-03-03 09:12:46,190 [restartedMain] INFO  org.hibernate.dialect.Dialect                      - HHH000400: Using dialect: org.hibernate.dialect.MySQL8Dialect
2022-03-03 09:12:46,245 [restartedMain] INFO  o.h.e.t.j.p.i.JtaPlatformInitiator                 - HHH000490: Using JtaPlatform implementation: [org.hibernate.engine.transaction.jta.platform.internal.NoJtaPlatform]
2022-03-03 09:12:46,246 [restartedMain] INFO  o.s.o.j.LocalContainerEntityManagerFactoryBean     - Initialized JPA EntityManagerFactory for persistence unit 'default'
2022-03-03 09:12:46,538 [restartedMain] WARN  o.s.b.a.o.j.JpaBaseConfiguration$JpaWebConfiguration - spring.jpa.open-in-view is enabled by default. Therefore, database queries may be performed during view rendering. Explicitly configure spring.jpa.open-in-view to disable this warning
2022-03-03 09:12:46,602 [restartedMain] INFO  s.d.s.w.PropertySourcedRequestMappingHandlerMapping - Mapped URL path [/v2/api-docs] onto method [springfox.documentation.swagger2.web.Swagger2Controller#getDocumentation(String, HttpServletRequest)]
2022-03-03 09:12:46,666 [restartedMain] INFO  o.s.b.d.a.OptionalLiveReloadServer                 - LiveReload server is running on port 35729
2022-03-03 09:12:46,730 [restartedMain] INFO  o.apache.coyote.http11.Http11NioProtocol           - Starting ProtocolHandler ["http-nio-9091"]
2022-03-03 09:12:46,732 [restartedMain] INFO  o.s.b.w.embedded.tomcat.TomcatWebServer            - Tomcat started on port(s): 9091 (http) with context path ''
2022-03-03 09:12:46,733 [restartedMain] INFO  s.d.s.w.p.DocumentationPluginsBootstrapper         - Context refreshed
2022-03-03 09:12:46,734 [restartedMain] INFO  s.d.s.w.p.DocumentationPluginsBootstrapper         - Found 1 custom documentation plugin(s)
2022-03-03 09:12:46,742 [restartedMain] INFO  s.d.s.w.s.ApiListingReferenceScanner               - Scanning for api listing references
2022-03-03 09:12:46,755 [restartedMain] INFO  c.s.SpringBootMajorProjectCoModuleApApplication    - Started SpringBootMajorProjectCoModuleApApplication in 21.141 seconds (JVM running for 882.951)
2022-03-03 09:12:46,758 [restartedMain] INFO  o.s.b.d.a.ConditionEvaluationDeltaLoggingListener  - Condition evaluation unchanged
2022-03-03 09:12:48,159 [Thread-24] INFO  o.s.o.j.LocalContainerEntityManagerFactoryBean     - Closing JPA EntityManagerFactory for persistence unit 'default'
2022-03-03 09:12:48,161 [Thread-24] INFO  com.zaxxer.hikari.HikariDataSource                 - HikariPool-6 - Shutdown initiated...
2022-03-03 09:12:48,177 [Thread-24] INFO  com.zaxxer.hikari.HikariDataSource                 - HikariPool-6 - Shutdown completed.
2022-03-03 09:13:03,476 [restartedMain] WARN  o.springframework.boot.StartupInfoLogger           - InetAddress.getLocalHost().getHostName() took 5004 milliseconds to respond. Please verify your network configuration (macOS machines may need to add entries to /etc/hosts).
2022-03-03 09:13:08,481 [restartedMain] INFO  c.s.SpringBootMajorProjectCoModuleApApplication    - Starting SpringBootMajorProjectCoModuleApApplication using Java 1.8.0_271 on Sreshs-MacBook-Air.local with PID 19547 (/Users/sresh/eclipse-workspace/SpringBoot-Major-Project-CO-Module-AP/target/classes started by sresh in /Users/sresh/eclipse-workspace/SpringBoot-Major-Project-CO-Module-AP)
2022-03-03 09:13:08,482 [restartedMain] INFO  c.s.SpringBootMajorProjectCoModuleApApplication    - No active profile set, falling back to default profiles: default
2022-03-03 09:13:08,708 [restartedMain] INFO  o.s.d.r.c.RepositoryConfigurationDelegate          - Bootstrapping Spring Data JPA repositories in DEFAULT mode.
2022-03-03 09:13:08,717 [restartedMain] INFO  o.s.d.r.c.RepositoryConfigurationDelegate          - Finished Spring Data repository scanning in 8 ms. Found 2 JPA repository interfaces.
2022-03-03 09:13:08,814 [restartedMain] INFO  o.s.b.w.embedded.tomcat.TomcatWebServer            - Tomcat initialized with port(s): 9091 (http)
2022-03-03 09:13:08,815 [restartedMain] INFO  o.apache.coyote.http11.Http11NioProtocol           - Initializing ProtocolHandler ["http-nio-9091"]
2022-03-03 09:13:08,815 [restartedMain] INFO  org.apache.catalina.core.StandardService           - Starting service [Tomcat]
2022-03-03 09:13:08,815 [restartedMain] INFO  org.apache.catalina.core.StandardEngine            - Starting Servlet engine: [Apache Tomcat/9.0.48]
2022-03-03 09:13:08,824 [restartedMain] INFO  o.a.c.c.C.[Tomcat].[localhost].[/]                 - Initializing Spring embedded WebApplicationContext
2022-03-03 09:13:08,824 [restartedMain] INFO  o.s.b.w.s.c.ServletWebServerApplicationContext     - Root WebApplicationContext: initialization completed in 338 ms
2022-03-03 09:13:08,858 [restartedMain] INFO  o.hibernate.jpa.internal.util.LogHelper            - HHH000204: Processing PersistenceUnitInfo [name: default]
2022-03-03 09:13:08,862 [restartedMain] INFO  com.zaxxer.hikari.HikariDataSource                 - HikariPool-7 - Starting...
2022-03-03 09:13:08,880 [restartedMain] INFO  com.zaxxer.hikari.HikariDataSource                 - HikariPool-7 - Start completed.
2022-03-03 09:13:08,880 [restartedMain] INFO  org.hibernate.dialect.Dialect                      - HHH000400: Using dialect: org.hibernate.dialect.MySQL8Dialect
2022-03-03 09:13:08,927 [restartedMain] INFO  o.h.e.t.j.p.i.JtaPlatformInitiator                 - HHH000490: Using JtaPlatform implementation: [org.hibernate.engine.transaction.jta.platform.internal.NoJtaPlatform]
2022-03-03 09:13:08,927 [restartedMain] INFO  o.s.o.j.LocalContainerEntityManagerFactoryBean     - Initialized JPA EntityManagerFactory for persistence unit 'default'
2022-03-03 09:13:09,116 [restartedMain] WARN  o.s.b.a.o.j.JpaBaseConfiguration$JpaWebConfiguration - spring.jpa.open-in-view is enabled by default. Therefore, database queries may be performed during view rendering. Explicitly configure spring.jpa.open-in-view to disable this warning
2022-03-03 09:13:09,163 [restartedMain] INFO  s.d.s.w.PropertySourcedRequestMappingHandlerMapping - Mapped URL path [/v2/api-docs] onto method [springfox.documentation.swagger2.web.Swagger2Controller#getDocumentation(String, HttpServletRequest)]
2022-03-03 09:13:09,210 [restartedMain] INFO  o.s.b.d.a.OptionalLiveReloadServer                 - LiveReload server is running on port 35729
2022-03-03 09:13:09,272 [restartedMain] INFO  o.apache.coyote.http11.Http11NioProtocol           - Starting ProtocolHandler ["http-nio-9091"]
2022-03-03 09:13:09,274 [restartedMain] INFO  o.s.b.w.embedded.tomcat.TomcatWebServer            - Tomcat started on port(s): 9091 (http) with context path ''
2022-03-03 09:13:09,274 [restartedMain] INFO  s.d.s.w.p.DocumentationPluginsBootstrapper         - Context refreshed
2022-03-03 09:13:09,276 [restartedMain] INFO  s.d.s.w.p.DocumentationPluginsBootstrapper         - Found 1 custom documentation plugin(s)
2022-03-03 09:13:09,281 [restartedMain] INFO  s.d.s.w.s.ApiListingReferenceScanner               - Scanning for api listing references
2022-03-03 09:13:09,290 [restartedMain] INFO  c.s.SpringBootMajorProjectCoModuleApApplication    - Started SpringBootMajorProjectCoModuleApApplication in 20.873 seconds (JVM running for 905.485)
2022-03-03 09:13:09,292 [restartedMain] INFO  o.s.b.d.a.ConditionEvaluationDeltaLoggingListener  - Condition evaluation unchanged
2022-03-03 09:13:16,249 [http-nio-9091-exec-1] INFO  o.a.c.c.C.[Tomcat].[localhost].[/]                 - Initializing Spring DispatcherServlet 'dispatcherServlet'
2022-03-03 09:13:16,253 [http-nio-9091-exec-1] INFO  o.s.web.servlet.DispatcherServlet                  - Initializing Servlet 'dispatcherServlet'
2022-03-03 09:13:16,257 [http-nio-9091-exec-1] INFO  o.s.web.servlet.DispatcherServlet                  - Completed initialization in 4 ms
2022-03-03 09:13:43,978 [Thread-28] INFO  o.s.o.j.LocalContainerEntityManagerFactoryBean     - Closing JPA EntityManagerFactory for persistence unit 'default'
2022-03-03 09:13:43,980 [Thread-28] INFO  com.zaxxer.hikari.HikariDataSource                 - HikariPool-7 - Shutdown initiated...
2022-03-03 09:13:43,988 [Thread-28] INFO  com.zaxxer.hikari.HikariDataSource                 - HikariPool-7 - Shutdown completed.
2022-03-03 09:13:59,248 [restartedMain] WARN  o.springframework.boot.StartupInfoLogger           - InetAddress.getLocalHost().getHostName() took 5006 milliseconds to respond. Please verify your network configuration (macOS machines may need to add entries to /etc/hosts).
2022-03-03 09:14:04,255 [restartedMain] INFO  c.s.SpringBootMajorProjectCoModuleApApplication    - Starting SpringBootMajorProjectCoModuleApApplication using Java 1.8.0_271 on Sreshs-MacBook-Air.local with PID 19547 (/Users/sresh/eclipse-workspace/SpringBoot-Major-Project-CO-Module-AP/target/classes started by sresh in /Users/sresh/eclipse-workspace/SpringBoot-Major-Project-CO-Module-AP)
2022-03-03 09:14:04,255 [restartedMain] INFO  c.s.SpringBootMajorProjectCoModuleApApplication    - No active profile set, falling back to default profiles: default
2022-03-03 09:14:04,487 [restartedMain] INFO  o.s.d.r.c.RepositoryConfigurationDelegate          - Bootstrapping Spring Data JPA repositories in DEFAULT mode.
2022-03-03 09:14:04,498 [restartedMain] INFO  o.s.d.r.c.RepositoryConfigurationDelegate          - Finished Spring Data repository scanning in 10 ms. Found 2 JPA repository interfaces.
2022-03-03 09:14:04,602 [restartedMain] INFO  o.s.b.w.embedded.tomcat.TomcatWebServer            - Tomcat initialized with port(s): 9091 (http)
2022-03-03 09:14:04,603 [restartedMain] INFO  o.apache.coyote.http11.Http11NioProtocol           - Initializing ProtocolHandler ["http-nio-9091"]
2022-03-03 09:14:04,603 [restartedMain] INFO  org.apache.catalina.core.StandardService           - Starting service [Tomcat]
2022-03-03 09:14:04,603 [restartedMain] INFO  org.apache.catalina.core.StandardEngine            - Starting Servlet engine: [Apache Tomcat/9.0.48]
2022-03-03 09:14:04,608 [restartedMain] INFO  o.a.c.c.C.[Tomcat].[localhost].[/]                 - Initializing Spring embedded WebApplicationContext
2022-03-03 09:14:04,608 [restartedMain] INFO  o.s.b.w.s.c.ServletWebServerApplicationContext     - Root WebApplicationContext: initialization completed in 346 ms
2022-03-03 09:14:04,639 [restartedMain] INFO  o.hibernate.jpa.internal.util.LogHelper            - HHH000204: Processing PersistenceUnitInfo [name: default]
2022-03-03 09:14:04,643 [restartedMain] INFO  com.zaxxer.hikari.HikariDataSource                 - HikariPool-8 - Starting...
2022-03-03 09:14:04,667 [restartedMain] INFO  com.zaxxer.hikari.HikariDataSource                 - HikariPool-8 - Start completed.
2022-03-03 09:14:04,667 [restartedMain] INFO  org.hibernate.dialect.Dialect                      - HHH000400: Using dialect: org.hibernate.dialect.MySQL8Dialect
2022-03-03 09:14:04,725 [restartedMain] INFO  o.h.e.t.j.p.i.JtaPlatformInitiator                 - HHH000490: Using JtaPlatform implementation: [org.hibernate.engine.transaction.jta.platform.internal.NoJtaPlatform]
2022-03-03 09:14:04,725 [restartedMain] INFO  o.s.o.j.LocalContainerEntityManagerFactoryBean     - Initialized JPA EntityManagerFactory for persistence unit 'default'
2022-03-03 09:14:04,918 [restartedMain] WARN  o.s.b.a.o.j.JpaBaseConfiguration$JpaWebConfiguration - spring.jpa.open-in-view is enabled by default. Therefore, database queries may be performed during view rendering. Explicitly configure spring.jpa.open-in-view to disable this warning
2022-03-03 09:14:04,959 [restartedMain] INFO  s.d.s.w.PropertySourcedRequestMappingHandlerMapping - Mapped URL path [/v2/api-docs] onto method [springfox.documentation.swagger2.web.Swagger2Controller#getDocumentation(String, HttpServletRequest)]
2022-03-03 09:14:05,000 [restartedMain] INFO  o.s.b.d.a.OptionalLiveReloadServer                 - LiveReload server is running on port 35729
2022-03-03 09:14:05,051 [restartedMain] INFO  o.apache.coyote.http11.Http11NioProtocol           - Starting ProtocolHandler ["http-nio-9091"]
2022-03-03 09:14:05,055 [restartedMain] INFO  o.s.b.w.embedded.tomcat.TomcatWebServer            - Tomcat started on port(s): 9091 (http) with context path ''
2022-03-03 09:14:05,056 [restartedMain] INFO  s.d.s.w.p.DocumentationPluginsBootstrapper         - Context refreshed
2022-03-03 09:14:05,058 [restartedMain] INFO  s.d.s.w.p.DocumentationPluginsBootstrapper         - Found 1 custom documentation plugin(s)
2022-03-03 09:14:05,063 [restartedMain] INFO  s.d.s.w.s.ApiListingReferenceScanner               - Scanning for api listing references
2022-03-03 09:14:05,073 [restartedMain] INFO  c.s.SpringBootMajorProjectCoModuleApApplication    - Started SpringBootMajorProjectCoModuleApApplication in 20.873 seconds (JVM running for 961.267)
2022-03-03 09:14:05,075 [restartedMain] INFO  o.s.b.d.a.ConditionEvaluationDeltaLoggingListener  - Condition evaluation unchanged
2022-03-03 09:14:16,658 [http-nio-9091-exec-1] INFO  o.a.c.c.C.[Tomcat].[localhost].[/]                 - Initializing Spring DispatcherServlet 'dispatcherServlet'
2022-03-03 09:14:16,663 [http-nio-9091-exec-1] INFO  o.s.web.servlet.DispatcherServlet                  - Initializing Servlet 'dispatcherServlet'
2022-03-03 09:14:16,667 [http-nio-9091-exec-1] INFO  o.s.web.servlet.DispatcherServlet                  - Completed initialization in 4 ms
2022-03-03 09:15:31,892 [RMI TCP Connection(2)-127.0.0.1] INFO  o.s.b.a.SpringApplicationAdminMXBeanRegistrar$SpringApplicationAdmin - Application shutdown requested.
2022-03-03 09:15:31,942 [RMI TCP Connection(2)-127.0.0.1] INFO  o.s.o.j.LocalContainerEntityManagerFactoryBean     - Closing JPA EntityManagerFactory for persistence unit 'default'
2022-03-03 09:15:31,953 [RMI TCP Connection(2)-127.0.0.1] INFO  com.zaxxer.hikari.HikariDataSource                 - HikariPool-8 - Shutdown initiated...
2022-03-03 09:15:31,989 [RMI TCP Connection(2)-127.0.0.1] INFO  com.zaxxer.hikari.HikariDataSource                 - HikariPool-8 - Shutdown completed.
